{"/home/tibi/log-parser-forwarder/log-parser-forwarder/log-receiver-api/index.js": {"path":"/home/tibi/log-parser-forwarder/log-parser-forwarder/log-receiver-api/index.js","statementMap":{"0":{"start":{"line":1,"column":16},"end":{"line":1,"column":34}},"1":{"start":{"line":2,"column":21},"end":{"line":2,"column":53}},"2":{"start":{"line":3,"column":13},"end":{"line":3,"column":28}},"3":{"start":{"line":4,"column":11},"end":{"line":4,"column":24}},"4":{"start":{"line":5,"column":12},"end":{"line":5,"column":21}},"5":{"start":{"line":7,"column":15},"end":{"line":7,"column":37}},"6":{"start":{"line":8,"column":0},"end":{"line":8,"column":24}},"7":{"start":{"line":11,"column":23},"end":{"line":11,"column":51}},"8":{"start":{"line":12,"column":0},"end":{"line":12,"column":17}},"9":{"start":{"line":16,"column":17},"end":{"line":22,"column":1}},"10":{"start":{"line":24,"column":0},"end":{"line":28,"column":3}},"11":{"start":{"line":26,"column":4},"end":{"line":26,"column":56}},"12":{"start":{"line":27,"column":4},"end":{"line":27,"column":34}},"13":{"start":{"line":31,"column":0},"end":{"line":62,"column":4}},"14":{"start":{"line":32,"column":4},"end":{"line":32,"column":62}},"15":{"start":{"line":33,"column":19},"end":{"line":33,"column":27}},"16":{"start":{"line":34,"column":4},"end":{"line":34,"column":22}},"17":{"start":{"line":37,"column":4},"end":{"line":39,"column":5}},"18":{"start":{"line":37,"column":51},"end":{"line":37,"column":69}},"19":{"start":{"line":38,"column":8},"end":{"line":38,"column":84}},"20":{"start":{"line":41,"column":21},"end":{"line":41,"column":32}},"21":{"start":{"line":43,"column":24},"end":{"line":43,"column":85}},"22":{"start":{"line":43,"column":45},"end":{"line":43,"column":84}},"23":{"start":{"line":46,"column":20},"end":{"line":46,"column":49}},"24":{"start":{"line":48,"column":19},"end":{"line":48,"column":57}},"25":{"start":{"line":49,"column":4},"end":{"line":51,"column":5}},"26":{"start":{"line":50,"column":8},"end":{"line":50,"column":29}},"27":{"start":{"line":53,"column":4},"end":{"line":60,"column":7}},"28":{"start":{"line":54,"column":8},"end":{"line":57,"column":9}},"29":{"start":{"line":55,"column":8},"end":{"line":55,"column":46}},"30":{"start":{"line":56,"column":8},"end":{"line":56,"column":74}},"31":{"start":{"line":59,"column":8},"end":{"line":59,"column":68}},"32":{"start":{"line":64,"column":0},"end":{"line":73,"column":3}},"33":{"start":{"line":67,"column":1},"end":{"line":67,"column":53}},"34":{"start":{"line":70,"column":17},"end":{"line":70,"column":48}},"35":{"start":{"line":71,"column":1},"end":{"line":71,"column":18}},"36":{"start":{"line":76,"column":0},"end":{"line":78,"column":3}},"37":{"start":{"line":77,"column":1},"end":{"line":77,"column":56}},"38":{"start":{"line":81,"column":13},"end":{"line":81,"column":37}},"39":{"start":{"line":84,"column":1},"end":{"line":84,"column":12}},"40":{"start":{"line":87,"column":0},"end":{"line":90,"column":4}},"41":{"start":{"line":88,"column":0},"end":{"line":90,"column":3}},"42":{"start":{"line":89,"column":1},"end":{"line":89,"column":50}},"43":{"start":{"line":92,"column":0},"end":{"line":92,"column":34}}},"fnMap":{"0":{"name":"(anonymous_0)","decl":{"start":{"line":24,"column":13},"end":{"line":24,"column":14}},"loc":{"start":{"line":24,"column":26},"end":{"line":28,"column":1}},"line":24},"1":{"name":"(anonymous_1)","decl":{"start":{"line":31,"column":31},"end":{"line":31,"column":32}},"loc":{"start":{"line":31,"column":48},"end":{"line":62,"column":1}},"line":31},"2":{"name":"(anonymous_2)","decl":{"start":{"line":37,"column":44},"end":{"line":37,"column":45}},"loc":{"start":{"line":37,"column":51},"end":{"line":37,"column":69}},"line":37},"3":{"name":"(anonymous_3)","decl":{"start":{"line":43,"column":37},"end":{"line":43,"column":38}},"loc":{"start":{"line":43,"column":45},"end":{"line":43,"column":84}},"line":43},"4":{"name":"(anonymous_4)","decl":{"start":{"line":53,"column":57},"end":{"line":53,"column":58}},"loc":{"start":{"line":53,"column":64},"end":{"line":60,"column":5}},"line":53},"5":{"name":"(anonymous_5)","decl":{"start":{"line":64,"column":20},"end":{"line":64,"column":21}},"loc":{"start":{"line":64,"column":38},"end":{"line":73,"column":1}},"line":64},"6":{"name":"(anonymous_6)","decl":{"start":{"line":76,"column":19},"end":{"line":76,"column":20}},"loc":{"start":{"line":76,"column":37},"end":{"line":78,"column":1}},"line":76},"7":{"name":"createServer","decl":{"start":{"line":83,"column":9},"end":{"line":83,"column":21}},"loc":{"start":{"line":83,"column":24},"end":{"line":85,"column":1}},"line":83},"8":{"name":"(anonymous_8)","decl":{"start":{"line":88,"column":28},"end":{"line":88,"column":29}},"loc":{"start":{"line":88,"column":34},"end":{"line":90,"column":1}},"line":88}},"branchMap":{"0":{"loc":{"start":{"line":37,"column":4},"end":{"line":39,"column":5}},"type":"if","locations":[{"start":{"line":37,"column":4},"end":{"line":39,"column":5}},{"start":{},"end":{}}],"line":37},"1":{"loc":{"start":{"line":37,"column":8},"end":{"line":37,"column":70}},"type":"binary-expr","locations":[{"start":{"line":37,"column":8},"end":{"line":37,"column":28}},{"start":{"line":37,"column":32},"end":{"line":37,"column":70}}],"line":37},"2":{"loc":{"start":{"line":49,"column":4},"end":{"line":51,"column":5}},"type":"if","locations":[{"start":{"line":49,"column":4},"end":{"line":51,"column":5}},{"start":{},"end":{}}],"line":49},"3":{"loc":{"start":{"line":54,"column":8},"end":{"line":57,"column":9}},"type":"if","locations":[{"start":{"line":54,"column":8},"end":{"line":57,"column":9}},{"start":{},"end":{}}],"line":54},"4":{"loc":{"start":{"line":81,"column":13},"end":{"line":81,"column":37}},"type":"binary-expr","locations":[{"start":{"line":81,"column":13},"end":{"line":81,"column":29}},{"start":{"line":81,"column":33},"end":{"line":81,"column":37}}],"line":81},"5":{"loc":{"start":{"line":87,"column":0},"end":{"line":90,"column":4}},"type":"if","locations":[{"start":{"line":87,"column":0},"end":{"line":90,"column":4}},{"start":{},"end":{}}],"line":87}},"s":{"0":1,"1":1,"2":1,"3":1,"4":1,"5":1,"6":1,"7":1,"8":1,"9":1,"10":1,"11":1,"12":1,"13":1,"14":2,"15":2,"16":2,"17":2,"18":3,"19":1,"20":1,"21":1,"22":3,"23":1,"24":1,"25":1,"26":1,"27":1,"28":1,"29":0,"30":0,"31":1,"32":1,"33":1,"34":1,"35":1,"36":1,"37":1,"38":1,"39":1,"40":1,"41":0,"42":0,"43":1},"f":{"0":1,"1":2,"2":3,"3":3,"4":1,"5":1,"6":1,"7":1,"8":0},"b":{"0":[1,1],"1":[2,2],"2":[1,0],"3":[0,1],"4":[1,1],"5":[0,1]},"_coverageSchema":"1a1c01bbd47fc00a2c39e90264f33305004495a9","hash":"9b5e4cef21feed57161f43c8451e92047a3af372"}
}
