TN:
SF:index.js
FN:24,(anonymous_0)
FN:31,(anonymous_1)
FN:37,(anonymous_2)
FN:43,(anonymous_3)
FN:53,(anonymous_4)
FN:64,(anonymous_5)
FN:76,(anonymous_6)
FN:83,createServer
FN:88,(anonymous_8)
FNF:9
FNH:8
FNDA:1,(anonymous_0)
FNDA:2,(anonymous_1)
FNDA:3,(anonymous_2)
FNDA:3,(anonymous_3)
FNDA:1,(anonymous_4)
FNDA:1,(anonymous_5)
FNDA:1,(anonymous_6)
FNDA:1,createServer
FNDA:0,(anonymous_8)
DA:1,1
DA:2,1
DA:3,1
DA:4,1
DA:5,1
DA:7,1
DA:8,1
DA:11,1
DA:12,1
DA:16,1
DA:24,1
DA:26,1
DA:27,1
DA:31,1
DA:32,2
DA:33,2
DA:34,2
DA:37,3
DA:38,1
DA:41,1
DA:43,3
DA:46,1
DA:48,1
DA:49,1
DA:50,1
DA:53,1
DA:54,1
DA:55,0
DA:56,0
DA:59,1
DA:64,1
DA:67,1
DA:70,1
DA:71,1
DA:76,1
DA:77,1
DA:81,1
DA:84,1
DA:87,1
DA:88,0
DA:89,0
DA:92,1
LF:42
LH:38
BRDA:37,0,0,1
BRDA:37,0,1,1
BRDA:37,1,0,2
BRDA:37,1,1,2
BRDA:49,2,0,1
BRDA:49,2,1,0
BRDA:54,3,0,0
BRDA:54,3,1,1
BRDA:81,4,0,1
BRDA:81,4,1,1
BRDA:87,5,0,0
BRDA:87,5,1,1
BRF:12
BRH:9
end_of_record
